[INFO] Scanning for projects...
[INFO] 
[INFO] ---------------------< com.atschecker:ats-checker >---------------------
[INFO] Building ats-checker 0.0.1-SNAPSHOT
[INFO]   from pom.xml
[INFO] --------------------------------[ jar ]---------------------------------
[INFO] 
[INFO] >>> spring-boot:3.2.2:run (default-cli) > test-compile @ ats-checker >>>
[INFO] 
[INFO] --- resources:3.3.1:resources (default-resources) @ ats-checker ---
[INFO] Copying 1 resource from src\main\resources to target\classes
[INFO] Copying 0 resource from src\main\resources to target\classes
[INFO] 
[INFO] --- compiler:3.11.0:compile (default-compile) @ ats-checker ---
[INFO] Nothing to compile - all classes are up to date
[INFO] 
[INFO] --- resources:3.3.1:testResources (default-testResources) @ ats-checker ---
[INFO] skip non existing resourceDirectory C:\Users\91887\OneDrive\Desktop\ATSCheker\src\test\resources
[INFO] 
[INFO] --- compiler:3.11.0:testCompile (default-testCompile) @ ats-checker ---
[INFO] No sources to compile
[INFO] 
[INFO] <<< spring-boot:3.2.2:run (default-cli) < test-compile @ ats-checker <<<
[INFO] 
[INFO] 
[INFO] --- spring-boot:3.2.2:run (default-cli) @ ats-checker ---
[INFO] Attaching agents: []
Picked up _JAVA_OPTIONS: -XX:+CreateCoredumpOnCrash

  .   ____          _            __ _ _
 /\\ / ___'_ __ _ _(_)_ __  __ _ \ \ \ \
( ( )\___ | '_ | '_| | '_ \/ _` | \ \ \ \
 \\/  ___)| |_)| | | | | || (_| |  ) ) ) )
  '  |____| .__|_| |_|_| |_\__, | / / / /
 =========|_|==============|___/=/_/_/_/
 :: Spring Boot ::                (v3.2.2)

2026-02-10T09:54:22.749+05:30  INFO 12376 --- [           main] com.atschecker.AtsCheckerApplication     : Starting AtsCheckerApplication using Java 25.0.1 with PID 12376 (C:\Users\91887\OneDrive\Desktop\ATSCheker\target\classes started by 91887 in C:\Users\91887\OneDrive\Desktop\ATSCheker)
2026-02-10T09:54:22.754+05:30  INFO 12376 --- [           main] com.atschecker.AtsCheckerApplication     : No active profile set, falling back to 1 default profile: "default"
WARNING: A restricted method in java.lang.System has been called
WARNING: java.lang.System::load has been called by org.apache.tomcat.jni.Library in an unnamed module (file:/C:/Users/91887/.m2/repository/org/apache/tomcat/embed/tomcat-embed-core/10.1.18/tomcat-embed-core-10.1.18.jar)
WARNING: Use --enable-native-access=ALL-UNNAMED to avoid a warning for callers in this module
WARNING: Restricted methods will be blocked in a future release unless native access is enabled

2026-02-10T09:54:24.077+05:30  INFO 12376 --- [           main] o.s.b.w.embedded.tomcat.TomcatWebServer  : Tomcat initialized with port 8080 (http)
2026-02-10T09:54:24.096+05:30  INFO 12376 --- [           main] o.apache.catalina.core.StandardService   : Starting service [Tomcat]
2026-02-10T09:54:24.096+05:30  INFO 12376 --- [           main] o.apache.catalina.core.StandardEngine    : Starting Servlet engine: [Apache Tomcat/10.1.18]
2026-02-10T09:54:24.238+05:30  INFO 12376 --- [           main] o.a.c.c.C.[Tomcat].[localhost].[/]       : Initializing Spring embedded WebApplicationContext
2026-02-10T09:54:24.239+05:30  INFO 12376 --- [           main] w.s.c.ServletWebServerApplicationContext : Root WebApplicationContext: initialization completed in 1410 ms
2026-02-10T09:54:26.260+05:30  INFO 12376 --- [           main] o.s.b.w.embedded.tomcat.TomcatWebServer  : Tomcat started on port 8080 (http) with context path ''
2026-02-10T09:54:26.274+05:30  INFO 12376 --- [           main] com.atschecker.AtsCheckerApplication     : Started AtsCheckerApplication in 4.062 seconds (process running for 4.626)
2026-02-10T09:55:39.892+05:30  INFO 12376 --- [nio-8080-exec-1] o.a.c.c.C.[Tomcat].[localhost].[/]       : Initializing Spring DispatcherServlet 'dispatcherServlet'
2026-02-10T09:55:39.892+05:30  INFO 12376 --- [nio-8080-exec-1] o.s.web.servlet.DispatcherServlet        : Initializing Servlet 'dispatcherServlet'
2026-02-10T09:55:39.894+05:30  INFO 12376 --- [nio-8080-exec-1] o.s.web.servlet.DispatcherServlet        : Completed initialization in 1 ms
